<?xml version="1.0" encoding="utf-8"?><testsuites name="pytest tests"><testsuite name="pytest" errors="0" failures="0" skipped="0" tests="21" time="15.169" timestamp="2026-06-29T10:38:02.773852+00:00" hostname="agent-env-173937bd-1135-424a-90ab-19de5b4edfca"><testcase classname="backend.tests.test_iteration7.TestEmojis" name="test_emojis_public" time="0.201" /><testcase classname="backend.tests.test_iteration7.TestEmojis" name="test_admin_can_add_and_remove_custom" time="0.645" /><testcase classname="backend.tests.test_iteration7.TestEmojis" name="test_non_admin_cannot_add_emoji" time="0.698" /><testcase classname="backend.tests.test_iteration7.TestEmojis" name="test_unauth_cannot_add_emoji" time="0.101" /><testcase classname="backend.tests.test_iteration7.TestDMReactions" name="test_sender_and_recipient_can_react_stranger_cannot" time="1.636" /><testcase classname="backend.tests.test_iteration7.TestDMReactions" name="test_unverified_cannot_react" time="0.627" /><testcase classname="backend.tests.test_iteration7.TestDMReactions" name="test_dm_messages_include_reactions_field" time="0.148" /><testcase classname="backend.tests.test_iteration7.TestCommunityReactions" name="test_member_can_react_non_member_cannot" time="1.568" /><testcase classname="backend.tests.test_iteration7.TestReviewReactionsLikesComments" name="test_toggle_react_and_public_get" time="0.433" /><testcase classname="backend.tests.test_iteration7.TestReviewReactionsLikesComments" name="test_toggle_like" time="0.098" /><testcase classname="backend.tests.test_iteration7.TestReviewReactionsLikesComments" name="test_unverified_cannot_like_or_react_or_comment" time="0.755" /><testcase classname="backend.tests.test_iteration7.TestReviewReactionsLikesComments" name="test_comments_post_list_delete" time="1.059" /><testcase classname="backend.tests.test_iteration7.TestPagination" name="test_dm_before" time="1.646" /><testcase classname="backend.tests.test_iteration7.TestPagination" name="test_community_before" time="0.934" /><testcase classname="backend.tests.test_iteration7.TestWebSocket" name="test_ws_unauth_closes_4401" time="0.183" /><testcase classname="backend.tests.test_iteration7.TestWebSocket" name="test_ws_dm_not_friend_closes_4403" time="0.771" /><testcase classname="backend.tests.test_iteration7.TestWebSocket" name="test_ws_dm_ping_pong_and_broadcast" time="0.470" /><testcase classname="backend.tests.test_iteration7.TestWebSocket" name="test_ws_community_non_member_4403_and_broadcast" time="2.444" /><testcase classname="backend.tests.test_iteration7.TestIter6Regression" name="test_non_gmail_rejected" time="0.101" /><testcase classname="backend.tests.test_iteration7.TestIter6Regression" name="test_admin_login" time="0.350" /><testcase classname="backend.tests.test_iteration7.TestIter6Regression" name="test_games_top_bayesian" time="0.102" /></testsuite></testsuites>