<?xml version="1.0" encoding="utf-8"?><testsuites name="pytest tests"><testsuite name="pytest" errors="0" failures="0" skipped="0" tests="26" time="10.415" timestamp="2026-05-08T08:56:02.356203+00:00" hostname="agent-env-173937bd-1135-424a-90ab-19de5b4edfca"><testcase classname="backend.tests.test_iteration5.TestRegression" name="test_login_admin" time="3.724" /><testcase classname="backend.tests.test_iteration5.TestRegression" name="test_register_creates_user" time="0.344" /><testcase classname="backend.tests.test_iteration5.TestRegression" name="test_games_list" time="0.108" /><testcase classname="backend.tests.test_iteration5.TestRegression" name="test_games_featured" time="0.131" /><testcase classname="backend.tests.test_iteration5.TestRegression" name="test_wishlist_round_trip" time="0.263" /><testcase classname="backend.tests.test_iteration5.TestRegression" name="test_friends_endpoint_works" time="0.063" /><testcase classname="backend.tests.test_iteration5.TestRegression" name="test_help_requests_listing" time="0.120" /><testcase classname="backend.tests.test_iteration5.TestReviewScore" name="test_post_review_returns_expected_score_886" time="0.153" /><testcase classname="backend.tests.test_iteration5.TestReviewScore" name="test_get_game_avg_uses_score_not_rating" time="0.207" /><testcase classname="backend.tests.test_iteration5.TestPointsUpgrade" name="test_patch_upgrade_awards_25_extra" time="0.699" /><testcase classname="backend.tests.test_iteration5.TestPointsUpgrade" name="test_resubmit_post_upgrade_awards_25_extra" time="0.363" /><testcase classname="backend.tests.test_iteration5.TestTopGamesBayesian" name="test_top_exposes_required_fields_and_formula" time="0.272" /><testcase classname="backend.tests.test_iteration5.TestTopGamesBayesian" name="test_top_zero_review_game_has_score_close_to_M" time="0.154" /><testcase classname="backend.tests.test_iteration5.TestBackfill" name="test_no_review_missing_score" time="0.992" /><testcase classname="backend.tests.test_iteration5.TestChatDM" name="test_dm_self_400" time="0.128" /><testcase classname="backend.tests.test_iteration5.TestChatDM" name="test_dm_non_friend_403" time="0.421" /><testcase classname="backend.tests.test_iteration5.TestChatDM" name="test_dm_send_and_fetch_between_friends" time="0.201" /><testcase classname="backend.tests.test_iteration5.TestChatDM" name="test_dm_after_filter" time="1.249" /><testcase classname="backend.tests.test_iteration5.TestChatDM" name="test_threads_lists_friends_sorted" time="0.043" /><testcase classname="backend.tests.test_iteration5.TestChatDM" name="test_message_max_length" time="0.045" /><testcase classname="backend.tests.test_iteration5.TestCommunities" name="test_list_communities" time="0.087" /><testcase classname="backend.tests.test_iteration5.TestCommunities" name="test_get_community_detail" time="0.044" /><testcase classname="backend.tests.test_iteration5.TestCommunities" name="test_join_and_leave" time="0.178" /><testcase classname="backend.tests.test_iteration5.TestCommunities" name="test_message_non_member_403" time="0.133" /><testcase classname="backend.tests.test_iteration5.TestCommunities" name="test_post_and_get_messages_member" time="0.091" /><testcase classname="backend.tests.test_iteration5.TestCommunities" name="test_message_too_long_422" time="0.091" /></testsuite></testsuites>