<?xml version="1.0" encoding="utf-8"?><testsuites name="pytest tests"><testsuite name="pytest" errors="0" failures="0" skipped="0" tests="34" time="44.598" timestamp="2026-05-07T14:43:42.030764+00:00" hostname="agent-env-173937bd-1135-424a-90ab-19de5b4edfca"><testcase classname="backend.tests.test_iteration4.TestCatalog" name="test_catalog_has_at_least_850_games" time="36.555" /><testcase classname="backend.tests.test_iteration4.TestCatalog" name="test_franchise_present[Resident Evil]" time="0.296" /><testcase classname="backend.tests.test_iteration4.TestCatalog" name="test_franchise_present[Five Nights at Freddy]" time="0.151" /><testcase classname="backend.tests.test_iteration4.TestCatalog" name="test_franchise_present[Minecraft]" time="0.137" /><testcase classname="backend.tests.test_iteration4.TestCatalog" name="test_franchise_present[Terraria]" time="0.141" /><testcase classname="backend.tests.test_iteration4.TestCatalog" name="test_franchise_present[No Man]" time="0.138" /><testcase classname="backend.tests.test_iteration4.TestCatalog" name="test_franchise_present[Dead by Daylight]" time="0.124" /><testcase classname="backend.tests.test_iteration4.TestTopGames" name="test_top_basic_sort_and_min_count" time="0.131" /><testcase classname="backend.tests.test_iteration4.TestTopGames" name="test_top_filter_genre_and_platform" time="0.129" /><testcase classname="backend.tests.test_iteration4.TestTopGames" name="test_top_no_low_count_outliers" time="0.159" /><testcase classname="backend.tests.test_iteration4.TestAvatar" name="test_upload_png_avatar_returns_data_url" time="0.716" /><testcase classname="backend.tests.test_iteration4.TestAvatar" name="test_upload_rejects_non_image" time="0.083" /><testcase classname="backend.tests.test_iteration4.TestAvatar" name="test_upload_rejects_too_large" time="0.289" /><testcase classname="backend.tests.test_iteration4.TestAvatar" name="test_avatar_propagates_to_review_user_picture" time="0.621" /><testcase classname="backend.tests.test_iteration4.TestReviewsCrud" name="test_patch_review_by_owner_recomputes_complete" time="0.687" /><testcase classname="backend.tests.test_iteration4.TestReviewsCrud" name="test_patch_review_non_owner_403" time="0.636" /><testcase classname="backend.tests.test_iteration4.TestReviewsCrud" name="test_delete_review_non_owner_403" time="0.377" /><testcase classname="backend.tests.test_iteration4.TestReviewsCrud" name="test_delete_review_by_owner" time="0.492" /><testcase classname="backend.tests.test_iteration4.TestGuidesCrud" name="test_patch_guide_by_owner" time="0.679" /><testcase classname="backend.tests.test_iteration4.TestGuidesCrud" name="test_patch_guide_non_owner_403" time="0.071" /><testcase classname="backend.tests.test_iteration4.TestGuidesCrud" name="test_delete_guide_non_owner_403" time="0.068" /><testcase classname="backend.tests.test_iteration4.TestGuidesCrud" name="test_delete_guide_by_owner" time="0.075" /><testcase classname="backend.tests.test_iteration4.TestHelpCrud" name="test_patch_help_by_owner" time="0.340" /><testcase classname="backend.tests.test_iteration4.TestHelpCrud" name="test_patch_help_non_owner_403" time="0.080" /><testcase classname="backend.tests.test_iteration4.TestHelpCrud" name="test_patch_reply_by_author" time="0.079" /><testcase classname="backend.tests.test_iteration4.TestHelpCrud" name="test_patch_reply_non_author_403" time="0.082" /><testcase classname="backend.tests.test_iteration4.TestHelpCrud" name="test_delete_reply_non_author_403" time="0.076" /><testcase classname="backend.tests.test_iteration4.TestHelpCrud" name="test_delete_reply_by_author" time="0.081" /><testcase classname="backend.tests.test_iteration4.TestHelpCrud" name="test_delete_help_non_owner_403" time="0.077" /><testcase classname="backend.tests.test_iteration4.TestHelpCrud" name="test_delete_help_by_owner" time="0.072" /><testcase classname="backend.tests.test_iteration4.TestFriendsDelete" name="test_cancel_pending_outgoing" time="0.228" /><testcase classname="backend.tests.test_iteration4.TestFriendsDelete" name="test_reject_incoming" time="0.145" /><testcase classname="backend.tests.test_iteration4.TestFriendsDelete" name="test_remove_accepted_friendship" time="0.396" /><testcase classname="backend.tests.test_iteration4.TestFriendsDelete" name="test_delete_nonexistent_returns_404" time="0.075" /></testsuite></testsuites>