<?xml version="1.0" encoding="utf-8"?><testsuites name="pytest tests"><testsuite name="pytest" errors="0" failures="0" skipped="0" tests="21" time="16.438" timestamp="2026-05-29T09:50:02.922540+00:00" hostname="agent-env-173937bd-1135-424a-90ab-19de5b4edfca"><testcase classname="backend.tests.test_iteration7.TestEmojis" name="test_emojis_public" time="0.113" /><testcase classname="backend.tests.test_iteration7.TestEmojis" name="test_admin_can_add_and_remove_custom" time="0.650" /><testcase classname="backend.tests.test_iteration7.TestEmojis" name="test_non_admin_cannot_add_emoji" time="0.776" /><testcase classname="backend.tests.test_iteration7.TestEmojis" name="test_unauth_cannot_add_emoji" time="0.101" /><testcase classname="backend.tests.test_iteration7.TestDMReactions" name="test_sender_and_recipient_can_react_stranger_cannot" time="1.701" /><testcase classname="backend.tests.test_iteration7.TestDMReactions" name="test_unverified_cannot_react" time="0.660" /><testcase classname="backend.tests.test_iteration7.TestDMReactions" name="test_dm_messages_include_reactions_field" time="0.155" /><testcase classname="backend.tests.test_iteration7.TestCommunityReactions" name="test_member_can_react_non_member_cannot" time="1.520" /><testcase classname="backend.tests.test_iteration7.TestReviewReactionsLikesComments" name="test_toggle_react_and_public_get" time="0.431" /><testcase classname="backend.tests.test_iteration7.TestReviewReactionsLikesComments" name="test_toggle_like" time="0.113" /><testcase classname="backend.tests.test_iteration7.TestReviewReactionsLikesComments" name="test_unverified_cannot_like_or_react_or_comment" time="0.699" /><testcase classname="backend.tests.test_iteration7.TestReviewReactionsLikesComments" name="test_comments_post_list_delete" time="1.479" /><testcase classname="backend.tests.test_iteration7.TestPagination" name="test_dm_before" time="1.698" /><testcase classname="backend.tests.test_iteration7.TestPagination" name="test_community_before" time="1.635" /><testcase classname="backend.tests.test_iteration7.TestWebSocket" name="test_ws_unauth_closes_4401" time="0.169" /><testcase classname="backend.tests.test_iteration7.TestWebSocket" name="test_ws_dm_not_friend_closes_4403" time="0.746" /><testcase classname="backend.tests.test_iteration7.TestWebSocket" name="test_ws_dm_ping_pong_and_broadcast" time="0.460" /><testcase classname="backend.tests.test_iteration7.TestWebSocket" name="test_ws_community_non_member_4403_and_broadcast" time="2.586" /><testcase classname="backend.tests.test_iteration7.TestIter6Regression" name="test_non_gmail_rejected" time="0.101" /><testcase classname="backend.tests.test_iteration7.TestIter6Regression" name="test_admin_login" time="0.394" /><testcase classname="backend.tests.test_iteration7.TestIter6Regression" name="test_games_top_bayesian" time="0.111" /></testsuite></testsuites>