<?xml version="1.0" encoding="utf-8"?><testsuites name="pytest tests"><testsuite name="pytest" errors="0" failures="0" skipped="0" tests="16" time="28.976" timestamp="2026-06-29T10:37:28.210478+00:00" hostname="agent-env-173937bd-1135-424a-90ab-19de5b4edfca"><testcase classname="backend.tests.test_iteration8.TestLifespanStartup" name="test_emojis_endpoint_alive" time="23.605" /><testcase classname="backend.tests.test_iteration8.TestLifespanStartup" name="test_admin_user_promoted" time="0.406" /><testcase classname="backend.tests.test_iteration8.TestLikeVerbs" name="test_like_returns_added_then_removed" time="0.911" /><testcase classname="backend.tests.test_iteration8.TestReactionVerbs" name="test_review_reaction_added_removed" time="0.146" /><testcase classname="backend.tests.test_iteration8.TestReactionVerbs" name="test_dm_message_reaction_added_removed" time="0.826" /><testcase classname="backend.tests.test_iteration8.TestEmojiValidation" name="test_default_emojis_accepted_on_message" time="0.930" /><testcase classname="backend.tests.test_iteration8.TestEmojiValidation" name="test_invalid_emoji_rejected_on_message" time="0.343" /><testcase classname="backend.tests.test_iteration8.TestEmojiValidation" name="test_invalid_emoji_rejected_on_review" time="0.179" /><testcase classname="backend.tests.test_iteration8.TestCustomEmojiRoundTrip" name="test_admin_add_then_react_then_remove" time="0.502" /><testcase classname="backend.tests.test_iteration8.TestRefactorSmoke" name="test_emojis_route" time="0.098" /><testcase classname="backend.tests.test_iteration8.TestRefactorSmoke" name="test_review_reactions_route" time="0.046" /><testcase classname="backend.tests.test_iteration8.TestRefactorSmoke" name="test_review_comments_route" time="0.103" /><testcase classname="backend.tests.test_iteration8.TestRefactorSmoke" name="test_dm_messages_include_reactions_hydration" time="0.131" /><testcase classname="backend.tests.test_iteration8.TestRegression" name="test_non_gmail_rejected" time="0.108" /><testcase classname="backend.tests.test_iteration8.TestRegression" name="test_admin_login" time="0.348" /><testcase classname="backend.tests.test_iteration8.TestRegression" name="test_games_top_bayesian" time="0.137" /></testsuite></testsuites>