<?xml version="1.0" encoding="utf-8"?><testsuites name="pytest tests"><testsuite name="pytest" errors="0" failures="1" skipped="0" tests="30" time="15.189" timestamp="2026-05-29T08:45:45.856866+00:00" hostname="agent-env-173937bd-1135-424a-90ab-19de5b4edfca"><testcase classname="backend.tests.test_iteration6.TestGmailOnlyAuth" name="test_register_non_gmail_rejected" time="0.138" /><testcase classname="backend.tests.test_iteration6.TestGmailOnlyAuth" name="test_login_non_gmail_rejected" time="0.102" /><testcase classname="backend.tests.test_iteration6.TestGmailOnlyAuth" name="test_register_gmail_creates_unverified" time="0.598" /><testcase classname="backend.tests.test_iteration6.TestVerificationFlow" name="test_me_full_shows_needs_verification" time="0.630" /><testcase classname="backend.tests.test_iteration6.TestVerificationFlow" name="test_verify_wrong_code_400" time="0.653" /><testcase classname="backend.tests.test_iteration6.TestVerificationFlow" name="test_verify_correct_code_unlocks" time="0.701" /><testcase classname="backend.tests.test_iteration6.TestVerificationFlow" name="test_verify_expired_code" time="0.631" /><testcase classname="backend.tests.test_iteration6.TestVerificationFlow" name="test_resend_generates_new_code" time="0.721" /><testcase classname="backend.tests.test_iteration6.TestVerificationFlow" name="test_too_many_attempts_blocks" time="1.032" /><testcase classname="backend.tests.test_iteration6.TestWriteGating" name="test_unverified_cannot_create_community" time="0.685" /><testcase classname="backend.tests.test_iteration6.TestWriteGating" name="test_unverified_cannot_post_review" time="0.725"><failure message="assert 200 == 403&#10; +  where 200 = &lt;Response [200]&gt;.status_code">E   assert 200 == 403
     +  where 200 = &lt;Response [200]&gt;.status_code</failure></testcase><testcase classname="backend.tests.test_iteration6.TestWriteGating" name="test_unverified_cannot_create_help" time="0.564" /><testcase classname="backend.tests.test_iteration6.TestWriteGating" name="test_unverified_cannot_send_dm" time="1.271" /><testcase classname="backend.tests.test_iteration6.TestWriteGating" name="test_read_endpoints_accessible" time="0.709" /><testcase classname="backend.tests.test_iteration6.TestAdmin" name="test_admin_stats" time="0.416" /><testcase classname="backend.tests.test_iteration6.TestAdmin" name="test_non_admin_cannot_access_admin" time="0.051" /><testcase classname="backend.tests.test_iteration6.TestAdmin" name="test_admin_search_users" time="0.048" /><testcase classname="backend.tests.test_iteration6.TestAdmin" name="test_admin_warn_and_list" time="0.361" /><testcase classname="backend.tests.test_iteration6.TestAdmin" name="test_admin_patch_game" time="0.205" /><testcase classname="backend.tests.test_iteration6.TestAdmin" name="test_admin_feature_and_unfeature_review" time="0.326" /><testcase classname="backend.tests.test_iteration6.TestAdmin" name="test_suspend_and_unsuspend" time="0.781" /><testcase classname="backend.tests.test_iteration6.TestDeleteOwnMessages" name="test_delete_own_dm" time="1.559" /><testcase classname="backend.tests.test_iteration6.TestDeleteOwnMessages" name="test_delete_own_community_message" time="1.578" /><testcase classname="backend.tests.test_iteration6.TestCatalog" name="test_meta_total" time="0.105" /><testcase classname="backend.tests.test_iteration6.TestCatalog" name="test_search_minecraft" time="0.108" /><testcase classname="backend.tests.test_iteration6.TestCatalog" name="test_no_dlc_in_catalog" time="0.002" /><testcase classname="backend.tests.test_iteration6.TestStartupCleanup" name="test_legacy_admin_demoted" time="0.001" /><testcase classname="backend.tests.test_iteration6.TestStartupCleanup" name="test_admin_gmail_seeded_correctly" time="0.000" /><testcase classname="backend.tests.test_iteration6.TestRegression" name="test_review_score_formula" time="0.221" /><testcase classname="backend.tests.test_iteration6.TestRegression" name="test_top_games_bayesian" time="0.108" /></testsuite></testsuites>