<?xml version="1.0" encoding="utf-8"?><testsuites name="pytest tests"><testsuite name="pytest" errors="0" failures="1" skipped="0" tests="31" time="5.540" timestamp="2026-05-06T10:36:17.621569+00:00" hostname="agent-env-173937bd-1135-424a-90ab-19de5b4edfca"><testcase classname="backend.tests.backend_test.TestAuth" name="test_register_returns_user_and_sets_cookies" time="0.355" /><testcase classname="backend.tests.backend_test.TestAuth" name="test_register_duplicate_email_returns_400" time="0.439" /><testcase classname="backend.tests.backend_test.TestAuth" name="test_login_admin_success" time="0.324" /><testcase classname="backend.tests.backend_test.TestAuth" name="test_auth_me_with_cookie" time="0.376" /><testcase classname="backend.tests.backend_test.TestAuth" name="test_auth_me_no_cookie_returns_401" time="0.108" /><testcase classname="backend.tests.backend_test.TestAuth" name="test_google_session_with_invalid_id_returns_401_or_502" time="0.227" /><testcase classname="backend.tests.backend_test.TestUsersAndRanks" name="test_users_me_full_new_user_novato" time="0.048" /><testcase classname="backend.tests.backend_test.TestUsersAndRanks" name="test_users_me_full_admin_apreciador" time="0.063" /><testcase classname="backend.tests.backend_test.TestUsersAndRanks" name="test_patch_users_me_updates_profile" time="0.105" /><testcase classname="backend.tests.backend_test.TestUsersAndRanks" name="test_users_search_excludes_self" time="0.373"><failure message="assert 404 == 200&#10; +  where 404 = &lt;Response [404]&gt;.status_code">E   assert 404 == 200
     +  where 404 = &lt;Response [404]&gt;.status_code</failure></testcase><testcase classname="backend.tests.backend_test.TestGames" name="test_list_games_has_31" time="0.102" /><testcase classname="backend.tests.backend_test.TestGames" name="test_list_games_search_q" time="0.144" /><testcase classname="backend.tests.backend_test.TestGames" name="test_list_games_filter_genre" time="0.112" /><testcase classname="backend.tests.backend_test.TestGames" name="test_list_games_filter_platform" time="0.101" /><testcase classname="backend.tests.backend_test.TestGames" name="test_featured_sections" time="0.110" /><testcase classname="backend.tests.backend_test.TestGames" name="test_get_game_detail_with_aggregates" time="0.108" /><testcase classname="backend.tests.backend_test.TestGames" name="test_get_game_404" time="0.103" /><testcase classname="backend.tests.backend_test.TestReviews" name="test_create_review_incomplete_awards_25" time="0.143" /><testcase classname="backend.tests.backend_test.TestReviews" name="test_resubmit_review_updates_without_new_points" time="0.142" /><testcase classname="backend.tests.backend_test.TestReviews" name="test_create_complete_review_awards_50" time="0.156" /><testcase classname="backend.tests.backend_test.TestReviews" name="test_list_reviews_for_game" time="0.110" /><testcase classname="backend.tests.backend_test.TestReviews" name="test_game_detail_aggregates_updated" time="0.097" /><testcase classname="backend.tests.backend_test.TestGuides" name="test_guide_forbidden_for_low_points" time="0.047" /><testcase classname="backend.tests.backend_test.TestGuides" name="test_guide_created_by_admin" time="0.060" /><testcase classname="backend.tests.backend_test.TestGuides" name="test_list_guides" time="0.109" /><testcase classname="backend.tests.backend_test.TestHelp" name="test_create_help_and_reply" time="0.313" /><testcase classname="backend.tests.backend_test.TestHelp" name="test_create_help_unauth" time="0.100" /><testcase classname="backend.tests.backend_test.TestFriends" name="test_send_request_accept_flow" time="0.254" /><testcase classname="backend.tests.backend_test.TestFriends" name="test_cannot_add_self" time="0.047" /><testcase classname="backend.tests.backend_test.TestFriends" name="test_duplicate_request_rejected" time="0.047" /><testcase classname="backend.tests.backend_test.TestDataHygiene" name="test_no_mongo_id_anywhere" time="0.642" /></testsuite></testsuites>